c:\users\charles-isaac\documents\visual studio 2015\projects\rtsgame\rtsgame\x64\debug\vc140.pdb
c:\users\charles-isaac\documents\visual studio 2015\projects\rtsgame\rtsgame\x64\debug\vc140.idb
c:\users\charles-isaac\documents\visual studio 2015\projects\rtsgame\rtsgame\x64\debug\game.obj
c:\users\charles-isaac\documents\visual studio 2015\projects\rtsgame\rtsgame\x64\debug\main.obj
c:\users\charles-isaac\documents\visual studio 2015\projects\rtsgame\rtsgame\x64\debug\mobileobject.obj
c:\users\charles-isaac\documents\visual studio 2015\projects\rtsgame\rtsgame\x64\debug\player.obj
c:\users\charles-isaac\documents\visual studio 2015\projects\rtsgame\rtsgame\x64\debug\production.obj
c:\users\charles-isaac\documents\visual studio 2015\projects\rtsgame\rtsgame\x64\debug\structure.obj
c:\users\charles-isaac\documents\visual studio 2015\projects\rtsgame\rtsgame\x64\debug\tilesystem.obj
c:\users\charles-isaac\documents\visual studio 2015\projects\rtsgame\rtsgame\x64\debug\vectormath.obj
c:\users\charles-isaac\documents\visual studio 2015\projects\rtsgame\x64\debug\rtsgame.ilk
c:\users\charles-isaac\documents\visual studio 2015\projects\rtsgame\x64\debug\rtsgame.exe
c:\users\charles-isaac\documents\visual studio 2015\projects\rtsgame\x64\debug\rtsgame.pdb
c:\users\charles-isaac\documents\visual studio 2015\projects\rtsgame\rtsgame\x64\debug\main.obj.enc
c:\users\charles-isaac\documents\visual studio 2015\projects\rtsgame\rtsgame\x64\debug\rtsgame.tlog\cl.command.1.tlog
c:\users\charles-isaac\documents\visual studio 2015\projects\rtsgame\rtsgame\x64\debug\rtsgame.tlog\cl.read.1.tlog
c:\users\charles-isaac\documents\visual studio 2015\projects\rtsgame\rtsgame\x64\debug\rtsgame.tlog\cl.write.1.tlog
c:\users\charles-isaac\documents\visual studio 2015\projects\rtsgame\rtsgame\x64\debug\rtsgame.tlog\link.command.1.tlog
c:\users\charles-isaac\documents\visual studio 2015\projects\rtsgame\rtsgame\x64\debug\rtsgame.tlog\link.read.1.tlog
c:\users\charles-isaac\documents\visual studio 2015\projects\rtsgame\rtsgame\x64\debug\rtsgame.tlog\link.write.1.tlog
